<?xml version="1.0" encoding="UTF-8"?>
<!-- Generated by org.testng.reporters.JUnitXMLReporter -->
<testsuite ignored="0" hostname="LAPTOP-O5TD7OC9" failures="0" tests="6" name="Test" time="0.09" errors="0" timestamp="2025-10-28T18:13:15 IST">
  <testcase classname="test.BasicsTestNG" name="SecondTest" time="0.011"/>
  <testcase classname="test.BasicsTestNG" name="demo" time="0.001"/>
  <testcase classname="test.day2" name="demo" time="0.002"/>
  <testcase classname="test.day4" name="LoginAPIHomeLoan" time="0.003"/>
  <testcase classname="test.day4" name="MobileLoginHomeLoan" time="0.002"/>
  <testcase classname="test.day4" name="WebLoginHomeLoan" time="0.002"/>
</testsuite> <!-- Test -->
