<?xml version="1.0" encoding="UTF-8"?>
<!-- Generated by org.testng.reporters.JUnitXMLReporter -->
<testsuite ignored="2" hostname="LAPTOP-O5TD7OC9" failures="0" tests="5" name="Car Loan" time="0.056" errors="0" timestamp="2025-10-31T20:09:20 IST">
  <testcase classname="test.day3" name="MobileLoginCarLoan" time="0.004"/>
  <testcase classname="test.day3" name="MobilesignoutCarLoan" time="0.003"/>
  <testcase classname="test.day3" name="MobilesignoutCarLoan" time="0.0"/>
  <testcase classname="test.day3" name="MobilesignoutCarLoan" time="0.0"/>
  <testcase classname="test.day3" name="WebLoginCarLoan" time="0.004"/>
  <testcase classname="test.day3" name="APIcarLoan" time="0.0">
    <ignored/>
  </testcase> <!-- APIcarLoan -->
  <testcase classname="test.day3" name="MobilesigninCarLoan" time="0.0">
    <ignored/>
  </testcase> <!-- MobilesigninCarLoan -->
</testsuite> <!-- Car Loan -->
