<?xml version="1.0" encoding="UTF-8"?>
<!-- Generated by org.testng.reporters.JUnitXMLReporter -->
<testsuite ignored="3" hostname="LAPTOP-O5TD7OC9" failures="0" tests="8" name="Regression" time="0.048" errors="0" timestamp="2025-10-29T20:14:45 IST">
  <testcase classname="test.BasicsTestNG" name="demo" time="0.005"/>
  <testcase classname="test.day2" name="demo" time="0.001"/>
  <testcase classname="test.day3" name="APIcarLoan" time="0.001"/>
  <testcase classname="test.day3" name="MobilesigninCarLoan" time="0.0"/>
  <testcase classname="test.day3" name="MobilesignoutCarLoan" time="0.0"/>
  <testcase classname="test.day3" name="WebLoginCarLoan" time="0.0"/>
  <testcase classname="test.day4" name="LoginAPIHomeLoan" time="0.0"/>
  <testcase classname="test.day4" name="WebLoginHomeLoan" time="0.002"/>
  <testcase classname="test.day4" name="MobileLoginHomeLoan" time="0.0">
    <ignored/>
  </testcase> <!-- MobileLoginHomeLoan -->
  <testcase classname="test.day3" name="MobileLoginCarLoan" time="0.0">
    <ignored/>
  </testcase> <!-- MobileLoginCarLoan -->
  <testcase classname="test.BasicsTestNG" name="SecondTest" time="0.0">
    <ignored/>
  </testcase> <!-- SecondTest -->
</testsuite> <!-- Regression -->
