<?xml version="1.0" encoding="UTF-8"?>
<testng-results ignored="3" total="15" passed="10" failed="2" skipped="0">
  <reporter-output>
  </reporter-output>
  <suite started-at="2025-10-31T20:09:20 IST" name="Loan Department" finished-at="2025-10-31T20:09:20 IST" duration-ms="56">
    <groups>
      <group name="smoke">
        <method signature="BasicsTestNG.SecondTest()[pri:0, instance:test.BasicsTestNG@76505305]" name="SecondTest" class="test.BasicsTestNG"/>
        <method signature="day4.MobileLoginHomeLoan()[pri:0, instance:test.day4@34123d65]" name="MobileLoginHomeLoan" class="test.day4"/>
        <method signature="day3.MobileLoginCarLoan()[pri:0, instance:test.day3@3a52dba3]" name="MobileLoginCarLoan" class="test.day3"/>
      </group> <!-- smoke -->
    </groups>
    <test started-at="2025-10-31T20:09:20 IST" name="Basics" finished-at="2025-10-31T20:09:20 IST" duration-ms="45">
      <class name="test.day3">
        <test-method is-config="true" signature="BeforeSuiteTest()[pri:0, instance:test.day3@3a52dba3]" started-at="2025-10-31T20:09:20 IST" name="BeforeSuiteTest" finished-at="2025-10-31T20:09:20 IST" duration-ms="7" status="PASS">
          <reporter-output>
          </reporter-output>
        </test-method> <!-- BeforeSuiteTest -->
      </class> <!-- test.day3 -->
      <class name="test.BasicsTestNG">
        <test-method signature="demo()[pri:0, instance:test.BasicsTestNG@65e98b1c]" started-at="2025-10-31T20:09:20 IST" name="demo" finished-at="2025-10-31T20:09:20 IST" duration-ms="12" status="FAIL">
          <exception class="java.lang.AssertionError">
            <message>
              <![CDATA[expected [true] but found [false]]]>
            </message>
            <full-stacktrace>
              <![CDATA[java.lang.AssertionError: expected [true] but found [false]
at org.testng.Assert.fail(Assert.java:111)
at org.testng.Assert.failNotEquals(Assert.java:1590)
at org.testng.Assert.assertTrue(Assert.java:57)
at org.testng.Assert.assertTrue(Assert.java:67)
at test.BasicsTestNG.demo(BasicsTestNG.java:12)
at java.base/jdk.internal.reflect.DirectMethodHandleAccessor.invoke(DirectMethodHandleAccessor.java:103)
at java.base/java.lang.reflect.Method.invoke(Method.java:580)
at org.testng.internal.invokers.MethodInvocationHelper.invokeMethod(MethodInvocationHelper.java:141)
at org.testng.internal.invokers.TestInvoker.invokeMethod(TestInvoker.java:687)
at org.testng.internal.invokers.TestInvoker.invokeTestMethod(TestInvoker.java:230)
at org.testng.internal.invokers.MethodRunner.runInSequence(MethodRunner.java:63)
at org.testng.internal.invokers.TestInvoker$MethodInvocationAgent.invoke(TestInvoker.java:995)
at org.testng.internal.invokers.TestInvoker.invokeTestMethods(TestInvoker.java:203)
at org.testng.internal.invokers.TestMethodWorker.invokeTestMethods(TestMethodWorker.java:154)
at org.testng.internal.invokers.TestMethodWorker.run(TestMethodWorker.java:134)
at java.base/java.util.ArrayList.forEach(ArrayList.java:1596)
at org.testng.TestRunner.privateRun(TestRunner.java:741)
at org.testng.TestRunner.run(TestRunner.java:616)
at org.testng.SuiteRunner.runTest(SuiteRunner.java:421)
at org.testng.SuiteRunner$SuiteWorker.run(SuiteRunner.java:463)
at org.testng.internal.thread.ThreadUtil.lambda$execute$0(ThreadUtil.java:64)
at java.base/java.util.concurrent.FutureTask.run(FutureTask.java:317)
at java.base/java.util.concurrent.ThreadPoolExecutor.runWorker(ThreadPoolExecutor.java:1144)
at java.base/java.util.concurrent.ThreadPoolExecutor$Worker.run(ThreadPoolExecutor.java:642)
at java.base/java.lang.Thread.run(Thread.java:1583)
]]>
            </full-stacktrace>
          </exception> <!-- java.lang.AssertionError -->
          <reporter-output>
          </reporter-output>
        </test-method> <!-- demo -->
        <test-method is-config="true" signature="AfterSuiteTest()[pri:0, instance:test.BasicsTestNG@65e98b1c]" started-at="2025-10-31T20:09:20 IST" name="AfterSuiteTest" finished-at="2025-10-31T20:09:20 IST" duration-ms="1" status="PASS">
          <reporter-output>
          </reporter-output>
        </test-method> <!-- AfterSuiteTest -->
      </class> <!-- test.BasicsTestNG -->
    </test> <!-- Basics -->
    <test started-at="2025-10-31T20:09:20 IST" name="Car Loan" finished-at="2025-10-31T20:09:20 IST" duration-ms="56">
      <class name="test.day3">
        <test-method is-config="true" signature="CarLoanFirst()[pri:0, instance:test.day3@3a52dba3]" started-at="2025-10-31T20:09:20 IST" name="CarLoanFirst" finished-at="2025-10-31T20:09:20 IST" duration-ms="0" status="PASS">
          <reporter-output>
          </reporter-output>
        </test-method> <!-- CarLoanFirst -->
        <test-method is-config="true" signature="befoClass()[pri:0, instance:test.day3@3a52dba3]" started-at="2025-10-31T20:09:20 IST" name="befoClass" finished-at="2025-10-31T20:09:20 IST" duration-ms="0" status="PASS">
          <reporter-output>
          </reporter-output>
        </test-method> <!-- befoClass -->
        <test-method is-config="true" signature="beforeEvery()[pri:0, instance:test.day3@3a52dba3]" started-at="2025-10-31T20:09:20 IST" name="beforeEvery" finished-at="2025-10-31T20:09:20 IST" duration-ms="1" status="PASS">
          <reporter-output>
          </reporter-output>
        </test-method> <!-- beforeEvery -->
        <test-method signature="MobileLoginCarLoan()[pri:0, instance:test.day3@3a52dba3]" started-at="2025-10-31T20:09:20 IST" name="MobileLoginCarLoan" finished-at="2025-10-31T20:09:20 IST" duration-ms="4" status="PASS">
          <reporter-output>
          </reporter-output>
        </test-method> <!-- MobileLoginCarLoan -->
        <test-method is-config="true" signature="afterEvery()[pri:0, instance:test.day3@3a52dba3]" started-at="2025-10-31T20:09:20 IST" name="afterEvery" finished-at="2025-10-31T20:09:20 IST" duration-ms="1" status="PASS">
          <reporter-output>
          </reporter-output>
        </test-method> <!-- afterEvery -->
        <test-method is-config="true" signature="beforeEvery()[pri:0, instance:test.day3@3a52dba3]" started-at="2025-10-31T20:09:20 IST" name="beforeEvery" finished-at="2025-10-31T20:09:20 IST" duration-ms="1" status="PASS">
          <reporter-output>
          </reporter-output>
        </test-method> <!-- beforeEvery -->
        <test-method signature="MobilesignoutCarLoan(java.lang.String,java.lang.String)[pri:0, instance:test.day3@3a52dba3]" started-at="2025-10-31T20:09:20 IST" name="MobilesignoutCarLoan" data-provider="getData" finished-at="2025-10-31T20:09:20 IST" duration-ms="3" status="PASS">
          <params>
            <param index="0">
              <value>
                <![CDATA[firstsetusername]]>
              </value>
            </param>
            <param index="1">
              <value>
                <![CDATA[password]]>
              </value>
            </param>
          </params>
          <reporter-output>
          </reporter-output>
        </test-method> <!-- MobilesignoutCarLoan -->
        <test-method is-config="true" signature="afterEvery()[pri:0, instance:test.day3@3a52dba3]" started-at="2025-10-31T20:09:20 IST" name="afterEvery" finished-at="2025-10-31T20:09:20 IST" duration-ms="1" status="PASS">
          <reporter-output>
          </reporter-output>
        </test-method> <!-- afterEvery -->
        <test-method signature="MobilesignoutCarLoan(java.lang.String,java.lang.String)[pri:0, instance:test.day3@3a52dba3]" started-at="2025-10-31T20:09:20 IST" name="MobilesignoutCarLoan" data-provider="getData" finished-at="2025-10-31T20:09:20 IST" duration-ms="0" status="PASS">
          <params>
            <param index="0">
              <value>
                <![CDATA[secondsetusername]]>
              </value>
            </param>
            <param index="1">
              <value>
                <![CDATA[secondpassword]]>
              </value>
            </param>
          </params>
          <reporter-output>
          </reporter-output>
        </test-method> <!-- MobilesignoutCarLoan -->
        <test-method is-config="true" signature="beforeEvery()[pri:0, instance:test.day3@3a52dba3]" started-at="2025-10-31T20:09:20 IST" name="beforeEvery" finished-at="2025-10-31T20:09:20 IST" duration-ms="0" status="PASS">
          <reporter-output>
          </reporter-output>
        </test-method> <!-- beforeEvery -->
        <test-method is-config="true" signature="afterEvery()[pri:0, instance:test.day3@3a52dba3]" started-at="2025-10-31T20:09:20 IST" name="afterEvery" finished-at="2025-10-31T20:09:20 IST" duration-ms="0" status="PASS">
          <reporter-output>
          </reporter-output>
        </test-method> <!-- afterEvery -->
        <test-method is-config="true" signature="beforeEvery()[pri:0, instance:test.day3@3a52dba3]" started-at="2025-10-31T20:09:20 IST" name="beforeEvery" finished-at="2025-10-31T20:09:20 IST" duration-ms="1" status="PASS">
          <reporter-output>
          </reporter-output>
        </test-method> <!-- beforeEvery -->
        <test-method signature="MobilesignoutCarLoan(java.lang.String,java.lang.String)[pri:0, instance:test.day3@3a52dba3]" started-at="2025-10-31T20:09:20 IST" name="MobilesignoutCarLoan" data-provider="getData" finished-at="2025-10-31T20:09:20 IST" duration-ms="0" status="PASS">
          <params>
            <param index="0">
              <value>
                <![CDATA[thirdsetusername]]>
              </value>
            </param>
            <param index="1">
              <value>
                <![CDATA[thirdpassword]]>
              </value>
            </param>
          </params>
          <reporter-output>
          </reporter-output>
        </test-method> <!-- MobilesignoutCarLoan -->
        <test-method signature="WebLoginCarLoan(java.lang.String)[pri:0, instance:test.day3@3a52dba3]" started-at="2025-10-31T20:09:20 IST" name="WebLoginCarLoan" finished-at="2025-10-31T20:09:20 IST" duration-ms="4" status="PASS">
          <params>
            <param index="0">
              <value>
                <![CDATA[qaclickacadamy.com]]>
              </value>
            </param>
          </params>
          <reporter-output>
          </reporter-output>
        </test-method> <!-- WebLoginCarLoan -->
        <test-method is-config="true" signature="afterEvery()[pri:0, instance:test.day3@3a52dba3]" started-at="2025-10-31T20:09:20 IST" name="afterEvery" finished-at="2025-10-31T20:09:20 IST" duration-ms="0" status="PASS">
          <reporter-output>
          </reporter-output>
        </test-method> <!-- afterEvery -->
        <test-method is-config="true" signature="beforeEvery()[pri:0, instance:test.day3@3a52dba3]" started-at="2025-10-31T20:09:20 IST" name="beforeEvery" finished-at="2025-10-31T20:09:20 IST" duration-ms="0" status="PASS">
          <reporter-output>
          </reporter-output>
        </test-method> <!-- beforeEvery -->
        <test-method is-config="true" signature="afterEvery()[pri:0, instance:test.day3@3a52dba3]" started-at="2025-10-31T20:09:20 IST" name="afterEvery" finished-at="2025-10-31T20:09:20 IST" duration-ms="0" status="PASS">
          <reporter-output>
          </reporter-output>
        </test-method> <!-- afterEvery -->
        <test-method is-config="true" signature="aftClass()[pri:0, instance:test.day3@3a52dba3]" started-at="2025-10-31T20:09:20 IST" name="aftClass" finished-at="2025-10-31T20:09:20 IST" duration-ms="0" status="PASS">
          <reporter-output>
          </reporter-output>
        </test-method> <!-- aftClass -->
        <test-method is-config="true" signature="CarLoanLast()[pri:0, instance:test.day3@3a52dba3]" started-at="2025-10-31T20:09:20 IST" name="CarLoanLast" finished-at="2025-10-31T20:09:20 IST" duration-ms="0" status="PASS">
          <reporter-output>
          </reporter-output>
        </test-method> <!-- CarLoanLast -->
      </class> <!-- test.day3 -->
    </test> <!-- Car Loan -->
    <test started-at="2025-10-31T20:09:20 IST" name="Personal Loan" finished-at="2025-10-31T20:09:20 IST" duration-ms="52">
      <class name="test.day4">
        <test-method signature="LoginAPIHomeLoan()[pri:0, instance:test.day4@34123d65]" started-at="2025-10-31T20:09:20 IST" name="LoginAPIHomeLoan" finished-at="2025-10-31T20:09:20 IST" duration-ms="1" status="PASS">
          <reporter-output>
          </reporter-output>
        </test-method> <!-- LoginAPIHomeLoan -->
        <test-method signature="MobileLoginHomeLoan()[pri:0, instance:test.day4@34123d65]" started-at="2025-10-31T20:09:20 IST" name="MobileLoginHomeLoan" finished-at="2025-10-31T20:09:20 IST" duration-ms="1" status="PASS">
          <reporter-output>
          </reporter-output>
        </test-method> <!-- MobileLoginHomeLoan -->
        <test-method signature="WebLoginHomeLoan(java.lang.String,java.lang.String)[pri:0, instance:test.day4@34123d65]" started-at="2025-10-31T20:09:20 IST" name="WebLoginHomeLoan" finished-at="2025-10-31T20:09:20 IST" duration-ms="2" status="PASS">
          <params>
            <param index="0">
              <value>
                <![CDATA[personalloan.com]]>
              </value>
            </param>
            <param index="1">
              <value>
                <![CDATA[12345]]>
              </value>
            </param>
          </params>
          <reporter-output>
          </reporter-output>
        </test-method> <!-- WebLoginHomeLoan -->
      </class> <!-- test.day4 -->
      <class name="test.day2">
        <test-method signature="demo()[pri:0, instance:test.day2@4802796d]" started-at="2025-10-31T20:09:20 IST" name="demo" finished-at="2025-10-31T20:09:20 IST" duration-ms="0" status="PASS">
          <reporter-output>
          </reporter-output>
        </test-method> <!-- demo -->
      </class> <!-- test.day2 -->
      <class name="test.BasicsTestNG">
        <test-method signature="SecondTest()[pri:0, instance:test.BasicsTestNG@76505305]" started-at="2025-10-31T20:09:20 IST" name="SecondTest" finished-at="2025-10-31T20:09:20 IST" duration-ms="6" status="PASS">
          <reporter-output>
          </reporter-output>
        </test-method> <!-- SecondTest -->
        <test-method signature="demo()[pri:0, instance:test.BasicsTestNG@76505305]" started-at="2025-10-31T20:09:20 IST" name="demo" finished-at="2025-10-31T20:09:20 IST" duration-ms="1" status="FAIL">
          <exception class="java.lang.AssertionError">
            <message>
              <![CDATA[expected [true] but found [false]]]>
            </message>
            <full-stacktrace>
              <![CDATA[java.lang.AssertionError: expected [true] but found [false]
at org.testng.Assert.fail(Assert.java:111)
at org.testng.Assert.failNotEquals(Assert.java:1590)
at org.testng.Assert.assertTrue(Assert.java:57)
at org.testng.Assert.assertTrue(Assert.java:67)
at test.BasicsTestNG.demo(BasicsTestNG.java:12)
at java.base/jdk.internal.reflect.DirectMethodHandleAccessor.invoke(DirectMethodHandleAccessor.java:103)
at java.base/java.lang.reflect.Method.invoke(Method.java:580)
at org.testng.internal.invokers.MethodInvocationHelper.invokeMethod(MethodInvocationHelper.java:141)
at org.testng.internal.invokers.TestInvoker.invokeMethod(TestInvoker.java:687)
at org.testng.internal.invokers.TestInvoker.invokeTestMethod(TestInvoker.java:230)
at org.testng.internal.invokers.MethodRunner.runInSequence(MethodRunner.java:63)
at org.testng.internal.invokers.TestInvoker$MethodInvocationAgent.invoke(TestInvoker.java:995)
at org.testng.internal.invokers.TestInvoker.invokeTestMethods(TestInvoker.java:203)
at org.testng.internal.invokers.TestMethodWorker.invokeTestMethods(TestMethodWorker.java:154)
at org.testng.internal.invokers.TestMethodWorker.run(TestMethodWorker.java:134)
at java.base/java.util.ArrayList.forEach(ArrayList.java:1596)
at org.testng.TestRunner.privateRun(TestRunner.java:741)
at org.testng.TestRunner.run(TestRunner.java:616)
at org.testng.SuiteRunner.runTest(SuiteRunner.java:421)
at org.testng.SuiteRunner$SuiteWorker.run(SuiteRunner.java:463)
at org.testng.internal.thread.ThreadUtil.lambda$execute$0(ThreadUtil.java:64)
at java.base/java.util.concurrent.FutureTask.run(FutureTask.java:317)
at java.base/java.util.concurrent.ThreadPoolExecutor.runWorker(ThreadPoolExecutor.java:1144)
at java.base/java.util.concurrent.ThreadPoolExecutor$Worker.run(ThreadPoolExecutor.java:642)
at java.base/java.lang.Thread.run(Thread.java:1583)
]]>
            </full-stacktrace>
          </exception> <!-- java.lang.AssertionError -->
          <reporter-output>
          </reporter-output>
        </test-method> <!-- demo -->
      </class> <!-- test.BasicsTestNG -->
    </test> <!-- Personal Loan -->
  </suite> <!-- Loan Department -->
</testng-results>
