<?xml version="1.0" encoding="UTF-8"?>
<!-- Generated by org.testng.reporters.JUnitReportReporter -->
<testsuite hostname="LAPTOP-O5TD7OC9" failures="0" tests="6" name="test.day3" time="0.016" errors="0" timestamp="2025-10-31T20:09:20 IST" skipped="1">
  <testcase classname="test.day3" name="MobilesignoutCarLoan" time="0.002"/>
  <testcase classname="test.day3" name="MobileLoginCarLoan" time="0.005"/>
  <testcase classname="test.day3" name="WebLoginCarLoan" time="0.004"/>
  <testcase classname="test.day3" name="MobilesignoutCarLoan" time="0.001"/>
  <testcase classname="test.day3" name="MobilesignoutCarLoan" time="0.004"/>
  <testcase classname="test.day3" name="MobilesigninCarLoan">
    <skipped/>
  </testcase> <!-- MobilesigninCarLoan -->
</testsuite> <!-- test.day3 -->
